Using pre-set license
Built from '2020.3/staging' branch; Version is '2020.3.10f1 (297d780c91bc) revision 2719096'; Using compiler version '192528614'; Build Type 'Release'
OS: 'Windows 10 Home; OS build 19042.985; Version 2009; 64bit' Language: 'es' Physical Memory: 12055 MB
BatchMode: 1, IsHumanControllingUs: 0, StartBugReporterOnCrash: 0, Is64bit: 1, IsPro: 0

 COMMAND LINE ARGUMENTS:
C:\Program Files\Unity\Hub\Editor\2020.3.10f1\Editor\Unity.exe
-adb2
-batchMode
-noUpm
-name
AssetImportWorker0
-projectPath
C:/Users/stefa/SpaceWars
-logFile
Logs/AssetImportWorker0.log
-srvPort
63441
Successfully changed project path to: C:/Users/stefa/SpaceWars
C:/Users/stefa/SpaceWars
Using Asset Import Pipeline V2.
Refreshing native plugins compatible for Editor in 277.04 ms, found 2 plugins.
Preloading 0 native plugins for Editor in 0.00 ms.
Initialize engine version: 2020.3.10f1 (297d780c91bc)
[Subsystems] Discovering subsystems at path C:/Program Files/Unity/Hub/Editor/2020.3.10f1/Editor/Data/Resources/UnitySubsystems
[Subsystems] Discovering subsystems at path C:/Users/stefa/SpaceWars/Assets
GfxDevice: creating device client; threaded=0
Direct3D:
    Version:  Direct3D 11.0 [level 11.1]
    Renderer: Intel(R) Iris(R) Plus Graphics (ID=0x8a5a)
    Vendor:   
    VRAM:     6027 MB
    Driver:   27.20.100.8681
Initialize mono
Mono path[0] = 'C:/Program Files/Unity/Hub/Editor/2020.3.10f1/Editor/Data/Managed'
Mono path[1] = 'C:/Program Files/Unity/Hub/Editor/2020.3.10f1/Editor/Data/MonoBleedingEdge/lib/mono/unityjit'
Mono config path = 'C:/Program Files/Unity/Hub/Editor/2020.3.10f1/Editor/Data/MonoBleedingEdge/etc'
Using monoOptions --debugger-agent=transport=dt_socket,embedding=1,server=y,suspend=n,address=127.0.0.1:56852
Begin MonoManager ReloadAssembly
Registering precompiled unity dll's ...
Register platform support module: C:/Program Files/Unity/Hub/Editor/2020.3.10f1/Editor/Data/PlaybackEngines/WindowsStandaloneSupport/UnityEditor.WindowsStandalone.Extensions.dll
Registered in 0.003676 seconds.
Native extension for WindowsStandalone target not found
Refreshing native plugins compatible for Editor in 44.56 ms, found 2 plugins.
Preloading 0 native plugins for Editor in 0.00 ms.
Mono: successfully reloaded assembly
- Completed reload, in  2.344 seconds
Platform modules already initialized, skipping
Registering precompiled user dll's ...
Registered in 0.006630 seconds.
Begin MonoManager ReloadAssembly
Native extension for WindowsStandalone target not found
Refreshing native plugins compatible for Editor in 0.40 ms, found 2 plugins.
Preloading 0 native plugins for Editor in 0.00 ms.
Mono: successfully reloaded assembly
- Completed reload, in  1.488 seconds
Platform modules already initialized, skipping
========================================================================
Worker process is ready to serve import requests
Launched and connected shader compiler UnityShaderCompiler.exe after 0.06 seconds
Refreshing native plugins compatible for Editor in 0.32 ms, found 2 plugins.
Preloading 0 native plugins for Editor in 0.00 ms.
Unloading 1393 Unused Serialized files (Serialized files now loaded: 0)
System memory in use before: 64.9 MB.
System memory in use after: 65.0 MB.

Unloading 18 unused Assets to reduce memory usage. Loaded Objects now: 1832.
Total: 2.156900 ms (FindLiveObjects: 0.144700 ms CreateObjectMapping: 0.047600 ms MarkObjects: 1.878300 ms  DeleteObjects: 0.084100 ms)

========================================================================
Received Import Request.
  path: Assets/Prefabs/explosion_atlas.png
  artifactKey: Guid(14407efd54d1ed64b898b6af62dbbbf0) Importer(815301076,1909f56bfc062723c751e8b465ee728b)
Start importing Assets/Prefabs/explosion_atlas.png using Guid(14407efd54d1ed64b898b6af62dbbbf0) Importer(815301076,1909f56bfc062723c751e8b465ee728b)  -> (artifact id: '11dd29488a6f1ed1da5f6bdc91e3768d') in 0.182209 seconds
  Import took 0.185923 seconds .

========================================================================
Received Import Request.
  Time since last request: 0.000402 seconds.
  path: Assets/Prefabs/ExplosionParticle.mat
  artifactKey: Guid(70fb6238860efcd4c9e8e117a6cdb84a) Importer(815301076,1909f56bfc062723c751e8b465ee728b)
Start importing Assets/Prefabs/ExplosionParticle.mat using Guid(70fb6238860efcd4c9e8e117a6cdb84a) Importer(815301076,1909f56bfc062723c751e8b465ee728b)  -> (artifact id: '1b6f9f85794c01007871559cc9512676') in 0.319462 seconds
  Import took 0.323073 seconds .

========================================================================
Received Import Request.
  Time since last request: 0.000412 seconds.
  path: Assets/Prefabs/ExplosionAndDestroy.prefab
  artifactKey: Guid(86e1ff514cb07464099ecde6e7a942ab) Importer(815301076,1909f56bfc062723c751e8b465ee728b)
Start importing Assets/Prefabs/ExplosionAndDestroy.prefab using Guid(86e1ff514cb07464099ecde6e7a942ab) Importer(815301076,1909f56bfc062723c751e8b465ee728b)  -> (artifact id: '25882a56c5b5f699735d727aaff1ef7a') in 0.020857 seconds
  Import took 0.029579 seconds .

========================================================================
Received Import Request.
  Time since last request: 0.002502 seconds.
  path: Assets/Prefabs/CustomExplosion.prefab
  artifactKey: Guid(47c809dd7189321459d8865809dc4ebe) Importer(815301076,1909f56bfc062723c751e8b465ee728b)
Start importing Assets/Prefabs/CustomExplosion.prefab using Guid(47c809dd7189321459d8865809dc4ebe) Importer(815301076,1909f56bfc062723c751e8b465ee728b)  -> (artifact id: '89aa3a7424eef1cc911c425f31f4dc7c') in 0.007446 seconds
  Import took 0.012582 seconds .

========================================================================
Received Import Request.
  Time since last request: 138.286562 seconds.
  path: Assets/Textures/bluecargoship.png
  artifactKey: Guid(fa9962030dee4c548a12eb47f531624e) Importer(815301076,1909f56bfc062723c751e8b465ee728b)
Start importing Assets/Textures/bluecargoship.png using Guid(fa9962030dee4c548a12eb47f531624e) Importer(815301076,1909f56bfc062723c751e8b465ee728b)  -> (artifact id: 'f80aa2dfd81a6656002c3210d25acb2f') in 0.184663 seconds
  Import took 0.202847 seconds .

========================================================================
Received Import Request.
  Time since last request: 0.002769 seconds.
  path: Assets/Textures/ship3.PNG
  artifactKey: Guid(3503085645b269a408c863c8776fea79) Importer(815301076,1909f56bfc062723c751e8b465ee728b)
Start importing Assets/Textures/ship3.PNG using Guid(3503085645b269a408c863c8776fea79) Importer(815301076,1909f56bfc062723c751e8b465ee728b)  -> (artifact id: 'e6276bc1ddabebf6109266b8f5a9b4d4') in 0.049531 seconds
  Import took 0.066931 seconds .

========================================================================
Received Import Request.
  Time since last request: 0.002298 seconds.
  path: Assets/Textures/Spaceship-Drakir2.png
  artifactKey: Guid(8d04cd00f1184464abb81cf21545d9d4) Importer(815301076,1909f56bfc062723c751e8b465ee728b)
Start importing Assets/Textures/Spaceship-Drakir2.png using Guid(8d04cd00f1184464abb81cf21545d9d4) Importer(815301076,1909f56bfc062723c751e8b465ee728b)  -> (artifact id: 'dde80bddd362fe320ee3bd6b91b5046a') in 0.037068 seconds
  Import took 0.046251 seconds .

========================================================================
Received Import Request.
  Time since last request: 0.000522 seconds.
  path: Assets/Textures/Spaceship-Drakir4.png
  artifactKey: Guid(c0fe780bf7cb43346b872696b1f0c9d2) Importer(815301076,1909f56bfc062723c751e8b465ee728b)
Start importing Assets/Textures/Spaceship-Drakir4.png using Guid(c0fe780bf7cb43346b872696b1f0c9d2) Importer(815301076,1909f56bfc062723c751e8b465ee728b)  -> (artifact id: 'f8e685bc4b8e16ee4bf9ca378257ed47') in 0.030872 seconds
  Import took 0.036909 seconds .

========================================================================
Received Import Request.
  Time since last request: 0.000571 seconds.
  path: Assets/Textures/ship5.png
  artifactKey: Guid(4aa61d5cee86d77429914c4d10b2821f) Importer(815301076,1909f56bfc062723c751e8b465ee728b)
Start importing Assets/Textures/ship5.png using Guid(4aa61d5cee86d77429914c4d10b2821f) Importer(815301076,1909f56bfc062723c751e8b465ee728b)  -> (artifact id: '2fd55134ece2fb9e15c5969708fc2b3c') in 0.034106 seconds
  Import took 0.039545 seconds .

========================================================================
Received Import Request.
  Time since last request: 0.000614 seconds.
  path: Assets/Textures/space_background_0.PNG
  artifactKey: Guid(58085aa121cb0ab40b8ba620cfa185f9) Importer(815301076,1909f56bfc062723c751e8b465ee728b)
Start importing Assets/Textures/space_background_0.PNG using Guid(58085aa121cb0ab40b8ba620cfa185f9) Importer(815301076,1909f56bfc062723c751e8b465ee728b)  -> (artifact id: '9ebcb6cbf425eda88ea3b97967452768') in 0.031774 seconds
  Import took 0.037854 seconds .

========================================================================
Received Import Request.
  Time since last request: 0.000442 seconds.
  path: Assets/Textures/Spaceship-Drakir7.png
  artifactKey: Guid(7d50994bf30abbe47be274bf60c0c432) Importer(815301076,1909f56bfc062723c751e8b465ee728b)
Start importing Assets/Textures/Spaceship-Drakir7.png using Guid(7d50994bf30abbe47be274bf60c0c432) Importer(815301076,1909f56bfc062723c751e8b465ee728b)  -> (artifact id: 'e948a3e2c16b7ee4d6b789a976b9d0ba') in 0.041652 seconds
  Import took 0.046874 seconds .

========================================================================
Received Import Request.
  Time since last request: 0.000569 seconds.
  path: Assets/Textures/Spaceship-Drakir6.png
  artifactKey: Guid(aec2444634a270a4caf08cb34e1cb088) Importer(815301076,1909f56bfc062723c751e8b465ee728b)
Start importing Assets/Textures/Spaceship-Drakir6.png using Guid(aec2444634a270a4caf08cb34e1cb088) Importer(815301076,1909f56bfc062723c751e8b465ee728b)  -> (artifact id: '11791de91d47fb2ef1d855fa9088006e') in 0.058764 seconds
  Import took 0.070212 seconds .

========================================================================
Received Import Request.
  Time since last request: 0.002379 seconds.
  path: Assets/Textures/Spaceship-Drakir3.png
  artifactKey: Guid(260f9e15827659e44b345aee9972bfac) Importer(815301076,1909f56bfc062723c751e8b465ee728b)
Start importing Assets/Textures/Spaceship-Drakir3.png using Guid(260f9e15827659e44b345aee9972bfac) Importer(815301076,1909f56bfc062723c751e8b465ee728b)  -> (artifact id: '617e62d91b7e38deaaab973d09ef465c') in 0.036815 seconds
  Import took 0.051147 seconds .

========================================================================
Received Import Request.
  Time since last request: 0.002434 seconds.
  path: Assets/Textures/säure2_0.png
  artifactKey: Guid(f6a1342e77a8c7c408466a95542774af) Importer(815301076,1909f56bfc062723c751e8b465ee728b)
Start importing Assets/Textures/säure2_0.png using Guid(f6a1342e77a8c7c408466a95542774af) Importer(815301076,1909f56bfc062723c751e8b465ee728b)  -> (artifact id: 'd3a753d9983f99cd8b583c9034d0c27a') in 0.016490 seconds
  Import took 0.024324 seconds .

========================================================================
Received Import Request.
  Time since last request: 0.000411 seconds.
  path: Assets/Textures/Spaceship-Drakir5.png
  artifactKey: Guid(f7cc760248e4c5d4186de16eef07920d) Importer(815301076,1909f56bfc062723c751e8b465ee728b)
Start importing Assets/Textures/Spaceship-Drakir5.png using Guid(f7cc760248e4c5d4186de16eef07920d) Importer(815301076,1909f56bfc062723c751e8b465ee728b)  -> (artifact id: 'fc0184ae0c3cdaa0a47392fec2a65e2e') in 0.032378 seconds
  Import took 0.036864 seconds .

========================================================================
Received Import Request.
  Time since last request: 0.000422 seconds.
  path: Assets/Textures/Spaceship-Drakir1.png
  artifactKey: Guid(814879c667e122749a05bd75d1be5025) Importer(815301076,1909f56bfc062723c751e8b465ee728b)
Start importing Assets/Textures/Spaceship-Drakir1.png using Guid(814879c667e122749a05bd75d1be5025) Importer(815301076,1909f56bfc062723c751e8b465ee728b)  -> (artifact id: '84c128bf19511127d50548e065599a4d') in 0.026294 seconds
  Import took 0.030890 seconds .

AssetImportWorkerClient::OnTransportError - code=2 error=End of file
